<?xml version="1.0" encoding="UTF-8"?>
<!-- Generated by org.testng.reporters.JUnitReportReporter -->
<testsuite hostname="Munnu" failures="0" tests="2" name="test0131.GetandPostExamples" time="5.553" errors="0" timestamp="2024-02-07T13:13:24 EST" skipped="0">
  <testcase classname="test0131.GetandPostExamples" name="testPost" time="0.396"/>
  <testcase classname="test0131.GetandPostExamples" name="testGet" time="5.157"/>
</testsuite> <!-- test0131.GetandPostExamples -->
