<?xml version="1.0" encoding="UTF-8"?>
<!-- Generated by org.testng.reporters.JUnitReportReporter -->
<testsuite hostname="Munnu" failures="0" tests="1" name="testpkg09.ReportDemo1" time="11.058" errors="0" timestamp="2024-02-02T11:39:30 EST" skipped="0">
  <testcase classname="testpkg09.ReportDemo1" name="firstDemo" time="11.058"/>
</testsuite> <!-- testpkg09.ReportDemo1 -->
